2025-04-16 09:56:53,013 - INFO - Начало процесса самообучения
2025-04-16 09:56:53,014 - INFO - Текущая статистика: {'total_games': 0, 'player_wins': 0, 'ai_wins': 0, 'draws': 0, 'win_rate': 0.0, 'learning_rate': 0.1}
2025-04-16 09:56:53,511 - INFO - Игра 0: Победил X
2025-04-16 09:56:53,945 - INFO - Игра 1: Победил X
2025-04-16 09:56:54,465 - INFO - Игра 2: Победил X
2025-04-16 09:56:54,856 - INFO - Игра 3: Победил X
2025-04-16 09:56:55,348 - INFO - Игра 4: Ничья
2025-04-16 09:56:55,729 - INFO - Игра 5: Победил X
2025-04-16 09:56:56,112 - INFO - Игра 6: Победил X
2025-04-16 09:56:56,603 - INFO - Игра 7: Победил X
2025-04-16 09:56:57,037 - INFO - Игра 8: Победил O
2025-04-16 09:56:57,526 - INFO - Игра 9: Победил X
2025-04-16 09:56:58,012 - INFO - Игра 10: Победил X
2025-04-16 09:56:58,448 - INFO - Игра 11: Победил O
2025-04-16 09:56:58,935 - INFO - Игра 12: Ничья
2025-04-16 09:56:59,367 - INFO - Игра 13: Победил O
2025-04-16 09:56:59,746 - INFO - Игра 14: Победил X
2025-04-16 09:57:00,232 - INFO - Игра 15: Ничья
2025-04-16 09:57:00,718 - INFO - Игра 16: Победил X
2025-04-16 09:57:01,155 - INFO - Игра 17: Победил O
2025-04-16 09:57:01,592 - INFO - Игра 18: Победил O
2025-04-16 09:57:01,975 - INFO - Игра 19: Победил X
2025-04-16 09:57:02,356 - INFO - Игра 20: Победил X
2025-04-16 09:57:02,684 - INFO - Игра 21: Победил O
2025-04-16 09:57:03,012 - INFO - Игра 22: Победил O
2025-04-16 09:57:03,403 - INFO - Игра 23: Победил X
2025-04-16 09:57:03,892 - INFO - Игра 24: Победил X
2025-04-16 09:57:04,224 - INFO - Игра 25: Победил O
2025-04-16 09:57:04,716 - INFO - Игра 26: Победил X
2025-04-16 09:57:04,993 - INFO - Игра 27: Победил X
2025-04-16 09:57:05,490 - INFO - Игра 28: Победил X
2025-04-16 09:57:05,887 - INFO - Игра 29: Победил X
2025-04-16 09:57:06,380 - INFO - Игра 30: Победил X
2025-04-16 09:57:06,868 - INFO - Игра 31: Ничья
2025-04-16 09:57:07,196 - INFO - Игра 32: Победил O
2025-04-16 09:57:07,683 - INFO - Игра 33: Ничья
2025-04-16 09:57:08,169 - INFO - Игра 34: Победил X
2025-04-16 09:57:08,603 - INFO - Игра 35: Победил O
2025-04-16 09:57:09,037 - INFO - Игра 36: Победил O
2025-04-16 09:57:09,526 - INFO - Игра 37: Победил X
2025-04-16 09:57:10,012 - INFO - Игра 38: Ничья
2025-04-16 09:57:10,453 - INFO - Игра 39: Победил O
2025-04-16 09:57:10,894 - INFO - Игра 40: Победил O
2025-04-16 09:57:11,382 - INFO - Игра 41: Победил X
2025-04-16 09:57:11,766 - INFO - Игра 42: Победил X
2025-04-16 09:57:12,204 - INFO - Игра 43: Победил O
2025-04-16 09:57:12,535 - INFO - Игра 44: Победил O
2025-04-16 09:57:13,021 - INFO - Игра 45: Ничья
2025-04-16 09:57:13,455 - INFO - Игра 46: Победил O
2025-04-16 09:57:13,941 - INFO - Игра 47: Ничья
2025-04-16 09:57:14,323 - INFO - Игра 48: Победил X
2025-04-16 09:57:14,650 - INFO - Игра 49: Победил O
2025-04-16 09:57:15,029 - INFO - Игра 50: Победил X
2025-04-16 09:57:15,357 - INFO - Игра 51: Победил O
2025-04-16 09:57:15,846 - INFO - Игра 52: Ничья
2025-04-16 09:57:16,176 - INFO - Игра 53: Победил O
2025-04-16 09:57:16,556 - INFO - Игра 54: Победил X
2025-04-16 09:57:16,936 - INFO - Игра 55: Победил X
2025-04-16 09:57:17,421 - INFO - Игра 56: Победил X
2025-04-16 09:57:17,851 - INFO - Игра 57: Победил O
2025-04-16 09:57:18,231 - INFO - Игра 58: Победил X
2025-04-16 09:57:18,716 - INFO - Игра 59: Победил X
2025-04-16 09:57:19,094 - INFO - Игра 60: Победил X
2025-04-16 09:57:19,474 - INFO - Игра 61: Победил X
2025-04-16 09:57:19,853 - INFO - Игра 62: Победил X
2025-04-16 09:57:20,127 - INFO - Игра 63: Победил X
2025-04-16 09:57:20,512 - INFO - Игра 64: Победил X
2025-04-16 09:57:20,910 - INFO - Игра 65: Победил X
2025-04-16 09:57:21,399 - INFO - Игра 66: Победил X
2025-04-16 09:57:21,836 - INFO - Игра 67: Победил O
2025-04-16 09:57:22,217 - INFO - Игра 68: Победил X
2025-04-16 09:57:22,708 - INFO - Игра 69: Победил X
2025-04-16 09:57:23,091 - INFO - Игра 70: Победил X
2025-04-16 09:57:23,503 - INFO - Игра 71: Победил X
2025-04-16 09:57:23,785 - INFO - Игра 72: Победил X
2025-04-16 09:57:24,167 - INFO - Игра 73: Победил X
2025-04-16 09:57:24,551 - INFO - Игра 74: Победил X
2025-04-16 09:57:24,987 - INFO - Игра 75: Победил O
2025-04-16 09:57:25,265 - INFO - Игра 76: Победил X
2025-04-16 09:57:25,709 - INFO - Игра 77: Победил O
2025-04-16 09:57:26,093 - INFO - Игра 78: Победил X
2025-04-16 09:57:26,478 - INFO - Игра 79: Победил X
2025-04-16 09:57:26,861 - INFO - Игра 80: Победил X
2025-04-16 09:57:27,246 - INFO - Игра 81: Победил X
2025-04-16 09:57:27,735 - INFO - Игра 82: Победил X
2025-04-16 09:57:28,117 - INFO - Игра 83: Победил X
2025-04-16 09:57:28,502 - INFO - Игра 84: Победил X
2025-04-16 09:57:28,949 - INFO - Игра 85: Победил O
2025-04-16 09:57:29,338 - INFO - Игра 86: Победил X
2025-04-16 09:57:29,615 - INFO - Игра 87: Победил X
2025-04-16 09:57:30,049 - INFO - Игра 88: Победил O
2025-04-16 09:57:30,580 - INFO - Игра 89: Победил O
2025-04-16 09:57:30,963 - INFO - Игра 90: Победил X
2025-04-16 09:57:31,347 - INFO - Игра 91: Победил X
2025-04-16 09:57:31,730 - INFO - Игра 92: Победил X
2025-04-16 09:57:32,171 - INFO - Игра 93: Победил O
2025-04-16 09:57:32,557 - INFO - Игра 94: Победил X
2025-04-16 09:57:32,942 - INFO - Игра 95: Победил X
2025-04-16 09:57:33,325 - INFO - Игра 96: Победил X
2025-04-16 09:57:33,707 - INFO - Игра 97: Победил X
2025-04-16 09:57:34,100 - INFO - Игра 98: Победил X
2025-04-16 09:57:34,591 - INFO - Игра 99: Победил X
2025-04-16 09:57:34,975 - INFO - Игра 100: Победил X
2025-04-16 09:57:35,357 - INFO - Игра 101: Победил X
2025-04-16 09:57:35,739 - INFO - Игра 102: Победил X
2025-04-16 09:57:36,227 - INFO - Игра 103: Победил X
2025-04-16 09:57:36,608 - INFO - Игра 104: Победил X
2025-04-16 09:57:36,987 - INFO - Игра 105: Победил X
2025-04-16 09:57:37,367 - INFO - Игра 106: Победил X
2025-04-16 09:57:37,750 - INFO - Игра 107: Победил X
2025-04-16 09:57:38,134 - INFO - Игра 108: Победил X
2025-04-16 09:57:38,516 - INFO - Игра 109: Победил X
2025-04-16 09:57:38,896 - INFO - Игра 110: Победил X
2025-04-16 09:59:53,144 - INFO - Начало процесса самообучения
2025-04-16 09:59:53,144 - INFO - Текущая статистика: {'total_games': 0, 'player_wins': 0, 'ai_wins': 0, 'draws': 0, 'win_rate': 0.0, 'learning_rate': 0.1}
2025-04-16 09:59:53,525 - INFO - Игра 0: Победил O
2025-04-16 09:59:53,962 - INFO - Игра 1: Победил O
2025-04-16 09:59:54,346 - INFO - Игра 2: Победил X
2025-04-16 09:59:54,676 - INFO - Игра 3: Победил O
2025-04-16 09:59:55,112 - INFO - Игра 4: Победил O
2025-04-16 09:59:55,546 - INFO - Игра 5: Победил O
2025-04-16 09:59:55,981 - INFO - Игра 6: Победил O
2025-04-16 09:59:56,360 - INFO - Игра 7: Победил X
2025-04-16 09:59:56,800 - INFO - Игра 8: Победил O
2025-04-16 09:59:57,289 - INFO - Игра 9: Победил X
2025-04-16 09:59:57,775 - INFO - Игра 10: Ничья
2025-04-16 09:59:58,155 - INFO - Игра 11: Победил X
2025-04-16 09:59:58,482 - INFO - Игра 12: Победил O
2025-04-16 09:59:58,966 - INFO - Игра 13: Победил X
2025-04-16 09:59:59,241 - INFO - Игра 14: Победил X
2025-04-16 09:59:59,673 - INFO - Игра 15: Победил O
2025-04-16 10:00:00,107 - INFO - Игра 16: Победил O
2025-04-16 10:00:00,537 - INFO - Игра 17: Победил O
2025-04-16 10:00:00,916 - INFO - Игра 18: Победил X
2025-04-16 10:00:01,347 - INFO - Игра 19: Победил O
2025-04-16 10:00:01,831 - INFO - Игра 20: Победил X
2025-04-16 10:00:02,262 - INFO - Игра 21: Победил O
2025-04-16 10:00:02,640 - INFO - Игра 22: Победил X
2025-04-16 10:00:03,124 - INFO - Игра 23: Ничья
2025-04-16 10:00:03,505 - INFO - Игра 24: Победил X
2025-04-16 10:00:03,884 - INFO - Игра 25: Победил X
2025-04-16 10:00:04,369 - INFO - Игра 26: Победил X
2025-04-16 10:00:04,643 - INFO - Игра 27: Победил X
2025-04-16 10:00:05,130 - INFO - Игра 28: Ничья
2025-04-16 10:00:05,511 - INFO - Игра 29: Победил X
2025-04-16 10:00:05,785 - INFO - Игра 30: Победил X
2025-04-16 10:00:06,218 - INFO - Игра 31: Победил O
2025-04-16 10:00:06,702 - INFO - Игра 32: Победил X
2025-04-16 10:00:07,187 - INFO - Игра 33: Победил X
2025-04-16 10:00:07,459 - INFO - Игра 34: Победил X
2025-04-16 10:00:07,945 - INFO - Игра 35: Ничья
2025-04-16 10:00:08,429 - INFO - Игра 36: Ничья
2025-04-16 10:00:08,810 - INFO - Игра 37: Победил X
2025-04-16 10:00:09,294 - INFO - Игра 38: Ничья
2025-04-16 10:00:09,727 - INFO - Игра 39: Победил O
2025-04-16 10:00:10,213 - INFO - Игра 40: Ничья
2025-04-16 10:00:10,697 - INFO - Игра 41: Победил X
2025-04-16 10:00:11,182 - INFO - Игра 42: Победил X
2025-04-16 10:00:11,613 - INFO - Игра 43: Победил O
2025-04-16 10:00:11,993 - INFO - Игра 44: Победил X
2025-04-16 10:00:12,371 - INFO - Игра 45: Победил X
2025-04-16 10:00:12,646 - INFO - Игра 46: Победил X
2025-04-16 10:00:12,923 - INFO - Игра 47: Победил X
2025-04-16 10:00:13,196 - INFO - Игра 48: Победил X
2025-04-16 10:00:13,469 - INFO - Игра 49: Победил X
2025-04-16 10:00:13,745 - INFO - Игра 50: Победил X
2025-04-16 10:00:14,230 - INFO - Игра 51: Победил X
2025-04-16 10:00:14,716 - INFO - Игра 52: Ничья
2025-04-16 10:00:15,200 - INFO - Игра 53: Победил X
2025-04-16 10:00:15,682 - INFO - Игра 54: Ничья
2025-04-16 10:00:16,115 - INFO - Игра 55: Победил O
2025-04-16 10:00:16,493 - INFO - Игра 56: Победил X
2025-04-16 10:00:16,926 - INFO - Игра 57: Победил O
2025-04-16 10:00:17,414 - INFO - Игра 58: Ничья
2025-04-16 10:00:17,739 - INFO - Игра 59: Победил O
2025-04-16 10:00:18,225 - INFO - Игра 60: Победил X
2025-04-16 10:00:18,711 - INFO - Игра 61: Ничья
2025-04-16 10:00:19,196 - INFO - Игра 62: Победил X
2025-04-16 10:00:19,576 - INFO - Игра 63: Победил X
2025-04-16 10:00:20,062 - INFO - Игра 64: Победил X
2025-04-16 10:00:20,546 - INFO - Игра 65: Ничья
2025-04-16 10:00:20,978 - INFO - Игра 66: Победил O
2025-04-16 10:00:21,252 - INFO - Игра 67: Победил X
2025-04-16 10:00:21,631 - INFO - Игра 68: Победил X
2025-04-16 10:00:22,063 - INFO - Игра 69: Победил O
2025-04-16 10:00:22,442 - INFO - Игра 70: Победил X
2025-04-16 10:00:22,822 - INFO - Игра 71: Победил X
2025-04-16 10:00:23,202 - INFO - Игра 72: Победил X
2025-04-16 10:00:23,685 - INFO - Игра 73: Ничья
2025-04-16 10:00:24,067 - INFO - Игра 74: Победил X
2025-04-16 10:00:24,447 - INFO - Игра 75: Победил X
2025-04-16 10:00:24,933 - INFO - Игра 76: Победил X
2025-04-16 10:00:25,418 - INFO - Игра 77: Ничья
2025-04-16 10:00:25,691 - INFO - Игра 78: Победил X
2025-04-16 10:00:26,071 - INFO - Игра 79: Победил X
