2025-04-15 16:34:57,889 - INFO - Начало процесса самообучения
2025-04-15 16:34:57,889 - INFO - Текущая статистика: {'total_games': 0, 'player_wins': 0, 'ai_wins': 0, 'draws': 0, 'win_rate': 0.0, 'learning_rate': 0.1}
2025-04-15 16:34:58,280 - INFO - Игра 0: Победил O
2025-04-15 16:34:58,773 - INFO - Игра 1: Победил X
2025-04-15 16:34:59,159 - INFO - Игра 2: Победил X
2025-04-15 16:34:59,544 - INFO - Игра 3: Победил X
2025-04-15 16:34:59,926 - INFO - Игра 4: Победил X
2025-04-15 16:35:00,309 - INFO - Игра 5: Победил X
2025-04-15 16:35:00,692 - INFO - Игра 6: Победил X
2025-04-15 16:35:01,183 - INFO - Игра 7: Ничья
2025-04-15 16:35:01,620 - INFO - Игра 8: Победил O
2025-04-15 16:35:02,055 - INFO - Игра 9: Победил O
2025-04-15 16:35:02,437 - INFO - Игра 10: Победил X
2025-04-15 16:35:02,820 - INFO - Игра 11: Победил X
2025-04-15 16:35:03,308 - INFO - Игра 12: Победил X
2025-04-15 16:35:03,797 - INFO - Игра 13: Победил X
2025-04-15 16:35:04,180 - INFO - Игра 14: Победил X
2025-04-15 16:35:04,671 - INFO - Игра 15: Победил X
2025-04-15 16:35:05,159 - INFO - Игра 16: Победил X
2025-04-15 16:35:05,438 - INFO - Игра 17: Победил X
2025-04-15 16:35:05,926 - INFO - Игра 18: Победил X
2025-04-15 16:35:06,361 - INFO - Игра 19: Победил O
2025-04-15 16:35:06,795 - INFO - Игра 20: Победил O
2025-04-15 16:35:07,229 - INFO - Игра 21: Победил O
2025-04-15 16:35:07,557 - INFO - Игра 22: Победил O
2025-04-15 16:35:07,938 - INFO - Игра 23: Победил X
2025-04-15 16:35:08,316 - INFO - Игра 24: Победил X
2025-04-15 16:35:08,750 - INFO - Игра 25: Победил O
2025-04-15 16:35:09,239 - INFO - Игра 26: Ничья
2025-04-15 16:35:09,516 - INFO - Игра 27: Победил X
2025-04-15 16:35:09,953 - INFO - Игра 28: Победил O
2025-04-15 16:35:10,441 - INFO - Игра 29: Победил X
2025-04-15 16:35:10,927 - INFO - Игра 30: Ничья
2025-04-15 16:35:11,414 - INFO - Игра 31: Победил X
2025-04-15 16:35:11,902 - INFO - Игра 32: Победил X
2025-04-15 16:35:12,336 - INFO - Игра 33: Победил O
2025-04-15 16:35:12,715 - INFO - Игра 34: Победил X
2025-04-15 16:35:13,096 - INFO - Игра 35: Победил X
2025-04-15 16:35:13,586 - INFO - Игра 36: Ничья
2025-04-15 16:35:14,072 - INFO - Игра 37: Победил X
2025-04-15 16:35:14,455 - INFO - Игра 38: Победил X
2025-04-15 16:35:14,888 - INFO - Игра 39: Победил O
2025-04-15 16:35:15,169 - INFO - Игра 40: Победил X
2025-04-15 16:35:15,550 - INFO - Игра 41: Победил X
2025-04-15 16:35:16,034 - INFO - Игра 42: Победил X
2025-04-15 16:35:16,309 - INFO - Игра 43: Победил X
2025-04-15 16:35:16,585 - INFO - Игра 44: Победил X
2025-04-15 16:35:16,967 - INFO - Игра 45: Победил X
2025-04-15 16:35:17,242 - INFO - Игра 46: Победил X
2025-04-15 16:35:17,729 - INFO - Игра 47: Победил X
2025-04-15 16:35:18,165 - INFO - Игра 48: Победил O
2025-04-15 16:35:18,546 - INFO - Игра 49: Победил X
2025-04-15 16:35:18,823 - INFO - Игра 50: Победил X
2025-04-15 16:35:19,098 - INFO - Игра 51: Победил X
2025-04-15 16:35:19,585 - INFO - Игра 52: Ничья
2025-04-15 16:35:19,964 - INFO - Игра 53: Победил X
2025-04-15 16:35:20,450 - INFO - Игра 54: Ничья
2025-04-15 16:35:20,726 - INFO - Игра 55: Победил X
2025-04-15 16:35:21,160 - INFO - Игра 56: Победил O
2025-04-15 16:35:21,650 - INFO - Игра 57: Ничья
2025-04-15 16:35:22,138 - INFO - Игра 58: Победил X
2025-04-15 16:35:22,627 - INFO - Игра 59: Ничья
2025-04-15 16:35:22,901 - INFO - Игра 60: Победил X
2025-04-15 16:35:23,177 - INFO - Игра 61: Победил X
2025-04-15 16:35:23,451 - INFO - Игра 62: Победил X
2025-04-15 16:35:23,939 - INFO - Игра 63: Победил X
2025-04-15 16:35:24,425 - INFO - Игра 64: Победил X
2025-04-15 16:35:24,914 - INFO - Игра 65: Победил X
2025-04-15 16:35:25,195 - INFO - Игра 66: Победил X
2025-04-15 16:35:25,687 - INFO - Игра 67: Ничья
2025-04-15 16:35:26,176 - INFO - Игра 68: Ничья
2025-04-15 16:35:26,662 - INFO - Игра 69: Победил X
2025-04-15 16:35:27,147 - INFO - Игра 70: Ничья
2025-04-15 16:35:27,528 - INFO - Игра 71: Победил X
2025-04-15 16:35:27,856 - INFO - Игра 72: Победил O
2025-04-15 16:35:28,342 - INFO - Игра 73: Ничья
2025-04-15 16:35:28,616 - INFO - Игра 74: Победил X
2025-04-15 16:35:29,105 - INFO - Игра 75: Победил X
2025-04-15 16:35:29,434 - INFO - Игра 76: Победил O
2025-04-15 16:35:29,921 - INFO - Игра 77: Победил X
2025-04-15 16:35:30,302 - INFO - Игра 78: Победил X
2025-04-15 16:35:30,790 - INFO - Игра 79: Победил X
2025-04-15 16:35:31,223 - INFO - Игра 80: Победил O
2025-04-15 16:35:31,708 - INFO - Игра 81: Ничья
2025-04-15 16:35:32,036 - INFO - Игра 82: Победил O
2025-04-15 16:35:32,522 - INFO - Игра 83: Победил X
2025-04-15 16:35:32,905 - INFO - Игра 84: Победил X
2025-04-15 16:35:33,288 - INFO - Игра 85: Победил X
2025-04-15 16:35:33,672 - INFO - Игра 86: Победил X
2025-04-15 16:35:34,001 - INFO - Игра 87: Победил O
2025-04-15 16:35:34,488 - INFO - Игра 88: Ничья
2025-04-15 16:35:34,869 - INFO - Игра 89: Победил X
2025-04-15 16:35:35,357 - INFO - Игра 90: Ничья
2025-04-15 16:35:35,739 - INFO - Игра 91: Победил X
2025-04-15 16:35:36,227 - INFO - Игра 92: Ничья
2025-04-15 16:35:36,712 - INFO - Игра 93: Победил X
2025-04-15 16:35:37,198 - INFO - Игра 94: Победил X
2025-04-15 16:35:37,529 - INFO - Игра 95: Победил O
2025-04-15 16:35:37,912 - INFO - Игра 96: Победил X
2025-04-15 16:35:38,294 - INFO - Игра 97: Победил X
2025-04-15 16:35:38,568 - INFO - Игра 98: Победил X
2025-04-15 16:35:38,952 - INFO - Игра 99: Победил X
2025-04-15 16:35:39,279 - INFO - Игра 100: Победил O
2025-04-15 16:35:39,557 - INFO - Игра 101: Победил X
2025-04-15 16:35:39,939 - INFO - Игра 102: Победил X
2025-04-15 16:35:40,214 - INFO - Игра 103: Победил X
2025-04-15 16:35:40,594 - INFO - Игра 104: Победил X
2025-04-15 16:35:41,080 - INFO - Игра 105: Победил X
2025-04-15 16:35:41,357 - INFO - Игра 106: Победил X
2025-04-15 16:35:41,793 - INFO - Игра 107: Победил O
2025-04-15 16:35:42,280 - INFO - Игра 108: Победил X
2025-04-15 16:35:42,714 - INFO - Игра 109: Победил O
2025-04-15 16:35:43,207 - INFO - Игра 110: Победил X
2025-04-15 16:35:43,592 - INFO - Игра 111: Победил X
2025-04-15 16:35:43,988 - INFO - Игра 112: Победил X
2025-04-15 16:35:44,491 - INFO - Игра 113: Ничья
2025-04-15 16:35:44,827 - INFO - Игра 114: Победил O
2025-04-15 16:35:45,327 - INFO - Игра 115: Победил X
2025-04-15 16:35:45,772 - INFO - Игра 116: Победил O
2025-04-15 16:35:46,157 - INFO - Игра 117: Победил X
2025-04-15 16:35:46,489 - INFO - Игра 118: Победил O
2025-04-15 16:35:46,821 - INFO - Игра 119: Победил O
2025-04-15 16:35:47,150 - INFO - Игра 120: Победил O
2025-04-15 16:35:47,481 - INFO - Игра 121: Победил O
2025-04-15 16:35:47,811 - INFO - Игра 122: Победил O
2025-04-15 16:35:48,140 - INFO - Игра 123: Победил O
2025-04-15 16:35:48,471 - INFO - Игра 124: Победил O
2025-04-15 16:35:48,800 - INFO - Игра 125: Победил O
2025-04-15 16:35:49,236 - INFO - Игра 126: Победил O
2025-04-15 16:35:49,617 - INFO - Игра 127: Победил X
2025-04-15 16:35:50,054 - INFO - Игра 128: Победил O
2025-04-15 16:35:50,383 - INFO - Игра 129: Победил O
2025-04-15 16:35:50,713 - INFO - Игра 130: Победил O
2025-04-15 16:35:51,044 - INFO - Игра 131: Победил O
2025-04-15 16:35:51,374 - INFO - Игра 132: Победил O
2025-04-15 16:35:51,703 - INFO - Игра 133: Победил O
2025-04-15 16:35:51,980 - INFO - Игра 134: Победил X
2025-04-15 16:35:52,310 - INFO - Игра 135: Победил O
2025-04-15 16:35:52,747 - INFO - Игра 136: Победил O
2025-04-15 16:35:53,128 - INFO - Игра 137: Победил X
2025-04-15 16:35:53,458 - INFO - Игра 138: Победил O
2025-04-15 16:35:53,787 - INFO - Игра 139: Победил O
2025-04-15 16:35:54,275 - INFO - Игра 140: Победил X
2025-04-15 16:35:54,763 - INFO - Игра 141: Победил X
2025-04-15 16:35:55,092 - INFO - Игра 142: Победил O
2025-04-15 16:35:55,421 - INFO - Игра 143: Победил O
2025-04-15 16:35:55,752 - INFO - Игра 144: Победил O
2025-04-15 16:35:56,243 - INFO - Игра 145: Победил X
2025-04-15 16:35:56,572 - INFO - Игра 146: Победил O
2025-04-15 16:35:56,901 - INFO - Игра 147: Победил O
2025-04-15 16:35:57,229 - INFO - Игра 148: Победил O
2025-04-15 16:35:57,556 - INFO - Игра 149: Победил O
2025-04-15 16:35:57,883 - INFO - Игра 150: Победил O
2025-04-15 16:35:58,211 - INFO - Игра 151: Победил O
2025-04-15 16:35:58,538 - INFO - Игра 152: Победил O
2025-04-15 16:35:58,868 - INFO - Игра 153: Победил O
2025-04-15 16:35:59,199 - INFO - Игра 154: Победил O
2025-04-15 16:35:59,529 - INFO - Игра 155: Победил O
2025-04-15 16:35:59,962 - INFO - Игра 156: Победил O
2025-04-15 16:36:00,289 - INFO - Игра 157: Победил O
2025-04-15 16:36:00,671 - INFO - Игра 158: Победил X
2025-04-15 16:36:01,000 - INFO - Игра 159: Победил O
2025-04-15 16:36:01,330 - INFO - Игра 160: Победил O
2025-04-15 16:36:01,658 - INFO - Игра 161: Победил O
2025-04-15 16:36:01,987 - INFO - Игра 162: Победил O
2025-04-15 16:36:02,316 - INFO - Игра 163: Победил O
2025-04-15 16:36:02,594 - INFO - Игра 164: Победил X
2025-04-15 16:36:02,871 - INFO - Игра 165: Победил X
2025-04-15 16:36:03,200 - INFO - Игра 166: Победил O
2025-04-15 16:36:03,529 - INFO - Игра 167: Победил O
2025-04-15 16:36:03,858 - INFO - Игра 168: Победил O
2025-04-15 16:36:04,187 - INFO - Игра 169: Победил O
2025-04-15 16:36:04,516 - INFO - Игра 170: Победил O
2025-04-15 16:36:04,951 - INFO - Игра 171: Победил O
2025-04-15 16:36:05,280 - INFO - Игра 172: Победил O
2025-04-15 16:36:05,611 - INFO - Игра 173: Победил O
2025-04-15 16:36:06,043 - INFO - Игра 174: Победил O
2025-04-15 16:36:06,371 - INFO - Игра 175: Победил O
2025-04-15 16:36:06,702 - INFO - Игра 176: Победил O
2025-04-15 16:36:07,083 - INFO - Игра 177: Победил X
2025-04-15 16:36:07,411 - INFO - Игра 178: Победил O
2025-04-15 16:36:07,739 - INFO - Игра 179: Победил O
2025-04-15 16:36:08,068 - INFO - Игра 180: Победил O
2025-04-15 16:36:08,556 - INFO - Игра 181: Победил X
2025-04-15 16:36:08,884 - INFO - Игра 182: Победил O
2025-04-15 16:36:09,213 - INFO - Игра 183: Победил O
2025-04-15 16:36:09,542 - INFO - Игра 184: Победил O
2025-04-15 16:36:09,872 - INFO - Игра 185: Победил O
2025-04-15 16:36:10,147 - INFO - Игра 186: Победил X
2025-04-15 16:36:10,477 - INFO - Игра 187: Победил O
2025-04-15 16:36:10,807 - INFO - Игра 188: Победил O
2025-04-15 16:36:11,137 - INFO - Игра 189: Победил O
2025-04-15 16:36:11,466 - INFO - Игра 190: Победил O
2025-04-15 16:36:11,794 - INFO - Игра 191: Победил O
2025-04-15 16:36:12,069 - INFO - Игра 192: Победил X
2025-04-15 16:36:12,502 - INFO - Игра 193: Победил O
2025-04-15 16:36:12,936 - INFO - Игра 194: Победил O
2025-04-15 16:36:13,316 - INFO - Игра 195: Победил X
2025-04-15 16:36:13,802 - INFO - Игра 196: Победил X
2025-04-15 16:36:14,129 - INFO - Игра 197: Победил O
2025-04-15 16:36:14,616 - INFO - Игра 198: Победил X
2025-04-15 16:36:14,946 - INFO - Игра 199: Победил O
2025-04-15 16:36:15,387 - INFO - Игра 200: Победил O
2025-04-15 16:36:15,821 - INFO - Игра 201: Победил O
2025-04-15 16:36:16,149 - INFO - Игра 202: Победил O
2025-04-15 16:36:16,635 - INFO - Игра 203: Ничья
2025-04-15 16:36:16,962 - INFO - Игра 204: Победил O
2025-04-15 16:36:17,342 - INFO - Игра 205: Победил X
2025-04-15 16:36:17,617 - INFO - Игра 206: Победил X
2025-04-15 16:36:17,943 - INFO - Игра 207: Победил O
2025-04-15 16:36:18,272 - INFO - Игра 208: Победил O
2025-04-15 16:36:18,602 - INFO - Игра 209: Победил O
2025-04-15 16:36:18,934 - INFO - Игра 210: Победил O
2025-04-15 16:36:19,263 - INFO - Игра 211: Победил O
2025-04-15 16:36:19,593 - INFO - Игра 212: Победил O
2025-04-15 16:36:19,920 - INFO - Игра 213: Победил O
2025-04-15 16:36:20,354 - INFO - Игра 214: Победил O
2025-04-15 16:36:20,682 - INFO - Игра 215: Победил O
2025-04-15 16:36:21,010 - INFO - Игра 216: Победил O
2025-04-15 16:36:21,338 - INFO - Игра 217: Победил O
2025-04-15 16:36:21,666 - INFO - Игра 218: Победил O
2025-04-15 16:36:22,048 - INFO - Игра 219: Победил X
2025-04-15 16:36:22,377 - INFO - Игра 220: Победил O
2025-04-15 16:36:22,708 - INFO - Игра 221: Победил O
2025-04-15 16:36:23,196 - INFO - Игра 222: Победил X
2025-04-15 16:36:23,524 - INFO - Игра 223: Победил O
2025-04-15 16:36:23,905 - INFO - Игра 224: Победил X
2025-04-15 16:36:24,234 - INFO - Игра 225: Победил O
2025-04-15 16:36:24,668 - INFO - Игра 226: Победил O
2025-04-15 16:36:24,996 - INFO - Игра 227: Победил O
2025-04-15 16:36:25,324 - INFO - Игра 228: Победил O
2025-04-15 16:36:25,651 - INFO - Игра 229: Победил O
2025-04-15 16:36:25,977 - INFO - Игра 230: Победил O
2025-04-15 16:36:26,304 - INFO - Игра 231: Победил O
2025-04-15 16:36:26,635 - INFO - Игра 232: Победил O
2025-04-15 16:36:27,125 - INFO - Игра 233: Победил X
2025-04-15 16:36:27,455 - INFO - Игра 234: Победил O
2025-04-15 16:36:27,783 - INFO - Игра 235: Победил O
2025-04-15 16:36:28,112 - INFO - Игра 236: Победил O
2025-04-15 16:36:28,439 - INFO - Игра 237: Победил O
2025-04-15 16:36:28,766 - INFO - Игра 238: Победил O
2025-04-15 16:36:29,200 - INFO - Игра 239: Победил O
2025-04-15 16:36:29,530 - INFO - Игра 240: Победил O
2025-04-15 16:36:30,018 - INFO - Игра 241: Победил X
2025-04-15 16:36:30,345 - INFO - Игра 242: Победил O
2025-04-15 16:36:30,833 - INFO - Игра 243: Победил X
2025-04-15 16:36:31,271 - INFO - Игра 244: Победил O
2025-04-15 16:36:31,599 - INFO - Игра 245: Победил O
2025-04-15 16:36:31,938 - INFO - Игра 246: Победил O
2025-04-15 16:36:32,268 - INFO - Игра 247: Победил O
2025-04-15 16:36:32,596 - INFO - Игра 248: Победил O
2025-04-15 16:36:33,030 - INFO - Игра 249: Победил O
2025-04-15 16:36:33,360 - INFO - Игра 250: Победил O
2025-04-15 16:36:33,794 - INFO - Игра 251: Победил O
2025-04-15 16:36:34,123 - INFO - Игра 252: Победил O
2025-04-15 16:36:34,452 - INFO - Игра 253: Победил O
2025-04-15 16:36:34,889 - INFO - Игра 254: Победил O
2025-04-15 16:36:35,220 - INFO - Игра 255: Победил O
2025-04-15 16:36:35,657 - INFO - Игра 256: Победил O
2025-04-15 16:36:35,987 - INFO - Игра 257: Победил O
2025-04-15 16:36:36,314 - INFO - Игра 258: Победил O
2025-04-15 16:36:36,644 - INFO - Игра 259: Победил O
2025-04-15 16:36:36,973 - INFO - Игра 260: Победил O
2025-04-15 16:36:37,303 - INFO - Игра 261: Победил O
2025-04-15 16:36:37,631 - INFO - Игра 262: Победил O
2025-04-15 16:36:37,959 - INFO - Игра 263: Победил O
2025-04-15 16:36:38,286 - INFO - Игра 264: Победил O
2025-04-15 16:36:38,721 - INFO - Игра 265: Победил O
2025-04-15 16:36:39,105 - INFO - Игра 266: Победил X
2025-04-15 16:36:39,436 - INFO - Игра 267: Победил O
2025-04-15 16:36:39,765 - INFO - Игра 268: Победил O
2025-04-15 16:36:40,094 - INFO - Игра 269: Победил O
2025-04-15 16:36:40,475 - INFO - Игра 270: Победил X
2025-04-15 16:36:40,803 - INFO - Игра 271: Победил O
2025-04-15 16:36:41,131 - INFO - Игра 272: Победил O
2025-04-15 16:36:41,458 - INFO - Игра 273: Победил O
2025-04-15 16:36:41,787 - INFO - Игра 274: Победил O
2025-04-15 16:36:42,116 - INFO - Игра 275: Победил O
2025-04-15 16:36:42,444 - INFO - Игра 276: Победил O
2025-04-15 16:36:42,771 - INFO - Игра 277: Победил O
2025-04-15 16:36:43,101 - INFO - Игра 278: Победил O
2025-04-15 16:36:43,589 - INFO - Игра 279: Ничья
2025-04-15 16:36:44,022 - INFO - Игра 280: Победил O
2025-04-15 16:36:44,348 - INFO - Игра 281: Победил O
2025-04-15 16:36:44,783 - INFO - Игра 282: Победил O
2025-04-15 16:36:45,111 - INFO - Игра 283: Победил O
2025-04-15 16:36:45,439 - INFO - Игра 284: Победил O
2025-04-15 16:36:45,769 - INFO - Игра 285: Победил O
2025-04-15 16:36:46,099 - INFO - Игра 286: Победил O
2025-04-15 16:36:46,426 - INFO - Игра 287: Победил O
2025-04-15 16:36:46,756 - INFO - Игра 288: Победил O
2025-04-15 16:36:47,087 - INFO - Игра 289: Победил O
2025-04-15 16:36:47,417 - INFO - Игра 290: Победил O
2025-04-15 16:36:47,746 - INFO - Игра 291: Победил O
2025-04-15 16:36:48,075 - INFO - Игра 292: Победил O
2025-04-15 16:36:48,560 - INFO - Игра 293: Победил X
2025-04-15 16:36:48,890 - INFO - Игра 294: Победил O
2025-04-15 16:36:49,217 - INFO - Игра 295: Победил O
2025-04-15 16:36:49,544 - INFO - Игра 296: Победил O
2025-04-15 16:36:49,873 - INFO - Игра 297: Победил O
2025-04-15 16:36:50,255 - INFO - Игра 298: Победил X
2025-04-15 16:36:50,583 - INFO - Игра 299: Победил O
2025-04-15 16:36:50,911 - INFO - Игра 300: Победил O
2025-04-15 16:36:51,241 - INFO - Игра 301: Победил O
2025-04-15 16:36:51,568 - INFO - Игра 302: Победил O
2025-04-15 16:36:52,056 - INFO - Игра 303: Победил X
2025-04-15 16:36:52,488 - INFO - Игра 304: Победил O
2025-04-15 16:36:52,815 - INFO - Игра 305: Победил O
2025-04-15 16:36:53,143 - INFO - Игра 306: Победил O
2025-04-15 16:36:53,470 - INFO - Игра 307: Победил O
2025-04-15 16:36:53,958 - INFO - Игра 308: Ничья
2025-04-15 16:36:54,285 - INFO - Игра 309: Победил O
2025-04-15 16:36:54,615 - INFO - Игра 310: Победил O
2025-04-15 16:36:54,945 - INFO - Игра 311: Победил O
2025-04-15 16:36:55,225 - INFO - Игра 312: Победил X
2025-04-15 16:36:55,554 - INFO - Игра 313: Победил O
2025-04-15 16:36:55,935 - INFO - Игра 314: Победил X
2025-04-15 16:36:56,421 - INFO - Игра 315: Победил X
2025-04-15 16:36:56,748 - INFO - Игра 316: Победил O
2025-04-15 16:36:57,074 - INFO - Игра 317: Победил O
2025-04-15 16:36:57,508 - INFO - Игра 318: Победил O
2025-04-15 16:36:57,839 - INFO - Игра 319: Победил O
2025-04-15 16:36:58,168 - INFO - Игра 320: Победил O
2025-04-15 16:36:58,496 - INFO - Игра 321: Победил O
2025-04-15 16:36:58,934 - INFO - Игра 322: Победил O
2025-04-15 16:36:59,264 - INFO - Игра 323: Победил O
2025-04-15 16:36:59,593 - INFO - Игра 324: Победил O
2025-04-15 16:37:00,082 - INFO - Игра 325: Ничья
2025-04-15 16:37:00,410 - INFO - Игра 326: Победил O
2025-04-15 16:37:00,737 - INFO - Игра 327: Победил O
2025-04-15 16:37:01,065 - INFO - Игра 328: Победил O
2025-04-15 16:37:01,394 - INFO - Игра 329: Победил O
2025-04-15 16:37:01,721 - INFO - Игра 330: Победил O
2025-04-15 16:37:02,050 - INFO - Игра 331: Победил O
2025-04-15 16:37:02,325 - INFO - Игра 332: Победил X
2025-04-15 16:37:02,654 - INFO - Игра 333: Победил O
2025-04-15 16:37:03,036 - INFO - Игра 334: Победил X
2025-04-15 16:37:03,365 - INFO - Игра 335: Победил O
2025-04-15 16:37:03,698 - INFO - Игра 336: Победил O
2025-04-15 16:37:04,033 - INFO - Игра 337: Победил O
2025-04-15 16:37:04,522 - INFO - Игра 338: Победил X
2025-04-15 16:37:04,849 - INFO - Игра 339: Победил O
2025-04-15 16:37:05,283 - INFO - Игра 340: Победил O
2025-04-15 16:37:05,609 - INFO - Игра 341: Победил O
2025-04-15 16:37:05,938 - INFO - Игра 342: Победил O
2025-04-15 16:37:06,267 - INFO - Игра 343: Победил O
2025-04-15 16:37:06,594 - INFO - Игра 344: Победил O
2025-04-15 16:37:06,923 - INFO - Игра 345: Победил O
2025-04-15 16:37:07,253 - INFO - Игра 346: Победил O
2025-04-15 16:37:07,581 - INFO - Игра 347: Победил O
2025-04-15 16:37:07,911 - INFO - Игра 348: Победил O
2025-04-15 16:37:08,239 - INFO - Игра 349: Победил O
2025-04-15 16:37:08,673 - INFO - Игра 350: Победил O
2025-04-15 16:37:08,999 - INFO - Игра 351: Победил O
2025-04-15 16:37:09,380 - INFO - Игра 352: Победил X
2025-04-15 16:37:09,814 - INFO - Игра 353: Победил O
2025-04-15 16:37:10,140 - INFO - Игра 354: Победил O
2025-04-15 16:37:10,468 - INFO - Игра 355: Победил O
2025-04-15 16:37:10,797 - INFO - Игра 356: Победил O
2025-04-15 16:37:11,126 - INFO - Игра 357: Победил O
2025-04-15 16:37:11,456 - INFO - Игра 358: Победил O
2025-04-15 16:37:11,785 - INFO - Игра 359: Победил O
2025-04-15 16:37:12,115 - INFO - Игра 360: Победил O
2025-04-15 16:37:12,442 - INFO - Игра 361: Победил O
2025-04-15 16:37:12,769 - INFO - Игра 362: Победил O
2025-04-15 16:37:13,096 - INFO - Игра 363: Победил O
2025-04-15 16:37:13,422 - INFO - Игра 364: Победил O
2025-04-15 16:37:13,751 - INFO - Игра 365: Победил O
2025-04-15 16:37:14,239 - INFO - Игра 366: Победил X
2025-04-15 16:37:14,569 - INFO - Игра 367: Победил O
2025-04-15 16:37:15,055 - INFO - Игра 368: Ничья
2025-04-15 16:37:15,388 - INFO - Игра 369: Победил O
2025-04-15 16:37:15,716 - INFO - Игра 370: Победил O
2025-04-15 16:37:16,044 - INFO - Игра 371: Победил O
2025-04-15 16:37:16,371 - INFO - Игра 372: Победил O
2025-04-15 16:37:16,698 - INFO - Игра 373: Победил O
2025-04-15 16:37:17,028 - INFO - Игра 374: Победил O
2025-04-15 16:37:17,354 - INFO - Игра 375: Победил O
2025-04-15 16:37:17,684 - INFO - Игра 376: Победил O
2025-04-15 16:37:18,011 - INFO - Игра 377: Победил O
2025-04-15 16:37:18,286 - INFO - Игра 378: Победил X
2025-04-15 16:37:18,776 - INFO - Игра 379: Победил X
2025-04-15 16:37:19,105 - INFO - Игра 380: Победил O
2025-04-15 16:37:19,434 - INFO - Игра 381: Победил O
2025-04-15 16:37:19,763 - INFO - Игра 382: Победил O
2025-04-15 16:37:20,093 - INFO - Игра 383: Победил O
2025-04-15 16:37:20,474 - INFO - Игра 384: Победил X
2025-04-15 16:37:20,802 - INFO - Игра 385: Победил O
2025-04-15 16:37:21,286 - INFO - Игра 386: Ничья
2025-04-15 16:37:21,666 - INFO - Игра 387: Победил X
2025-04-15 16:37:21,996 - INFO - Игра 388: Победил O
2025-04-15 16:37:22,271 - INFO - Игра 389: Победил X
2025-04-15 16:37:22,598 - INFO - Игра 390: Победил O
2025-04-15 16:37:22,926 - INFO - Игра 391: Победил O
2025-04-15 16:37:23,256 - INFO - Игра 392: Победил O
2025-04-15 16:37:23,636 - INFO - Игра 393: Победил X
2025-04-15 16:37:23,965 - INFO - Игра 394: Победил O
2025-04-15 16:37:24,292 - INFO - Игра 395: Победил O
2025-04-15 16:37:24,621 - INFO - Игра 396: Победил O
2025-04-15 16:37:24,951 - INFO - Игра 397: Победил O
2025-04-15 16:37:25,333 - INFO - Игра 398: Победил X
2025-04-15 16:37:25,662 - INFO - Игра 399: Победил O
2025-04-15 16:37:25,990 - INFO - Игра 400: Победил O
2025-04-15 16:37:26,316 - INFO - Игра 401: Победил O
2025-04-15 16:37:26,643 - INFO - Игра 402: Победил O
2025-04-15 16:37:26,971 - INFO - Игра 403: Победил O
2025-04-15 16:37:27,301 - INFO - Игра 404: Победил O
2025-04-15 16:37:27,629 - INFO - Игра 405: Победил O
2025-04-15 16:37:27,959 - INFO - Игра 406: Победил O
2025-04-15 16:37:28,286 - INFO - Игра 407: Победил O
2025-04-15 16:37:28,614 - INFO - Игра 408: Победил O
2025-04-15 16:37:28,942 - INFO - Игра 409: Победил O
2025-04-15 16:37:29,271 - INFO - Игра 410: Победил O
2025-04-15 16:37:29,599 - INFO - Игра 411: Победил O
2025-04-15 16:37:29,989 - INFO - Игра 412: Победил X
2025-04-15 16:37:30,316 - INFO - Игра 413: Победил O
2025-04-15 16:37:30,643 - INFO - Игра 414: Победил O
2025-04-15 16:37:30,972 - INFO - Игра 415: Победил O
2025-04-15 16:37:31,302 - INFO - Игра 416: Победил O
2025-04-15 16:37:31,738 - INFO - Игра 417: Победил O
2025-04-15 16:37:32,070 - INFO - Игра 418: Победил O
2025-04-15 16:37:32,400 - INFO - Игра 419: Победил O
2025-04-15 16:37:32,731 - INFO - Игра 420: Победил O
2025-04-15 16:37:33,059 - INFO - Игра 421: Победил O
2025-04-15 16:37:33,548 - INFO - Игра 422: Победил X
2025-04-15 16:37:33,874 - INFO - Игра 423: Победил O
2025-04-15 16:37:34,254 - INFO - Игра 424: Победил X
2025-04-15 16:37:34,584 - INFO - Игра 425: Победил O
2025-04-15 16:37:34,911 - INFO - Игра 426: Победил O
2025-04-15 16:37:35,239 - INFO - Игра 427: Победил O
2025-04-15 16:37:35,569 - INFO - Игра 428: Победил O
2025-04-15 16:37:35,897 - INFO - Игра 429: Победил O
2025-04-15 16:37:36,225 - INFO - Игра 430: Победил O
2025-04-15 16:37:36,553 - INFO - Игра 431: Победил O
2025-04-15 16:37:36,882 - INFO - Игра 432: Победил O
2025-04-15 16:37:37,208 - INFO - Игра 433: Победил O
2025-04-15 16:37:37,535 - INFO - Игра 434: Победил O
2025-04-15 16:37:37,863 - INFO - Игра 435: Победил O
2025-04-15 16:37:38,190 - INFO - Игра 436: Победил O
2025-04-15 16:37:38,518 - INFO - Игра 437: Победил O
2025-04-15 16:37:38,847 - INFO - Игра 438: Победил O
2025-04-15 16:37:39,174 - INFO - Игра 439: Победил O
2025-04-15 16:37:39,503 - INFO - Игра 440: Победил O
2025-04-15 16:37:39,831 - INFO - Игра 441: Победил O
2025-04-15 16:37:40,161 - INFO - Игра 442: Победил O
2025-04-15 16:37:40,596 - INFO - Игра 443: Победил O
2025-04-15 16:37:40,924 - INFO - Игра 444: Победил O
2025-04-15 16:37:41,254 - INFO - Игра 445: Победил O
2025-04-15 16:37:41,581 - INFO - Игра 446: Победил O
2025-04-15 16:37:41,908 - INFO - Игра 447: Победил O
2025-04-15 16:37:42,294 - INFO - Игра 448: Победил X
2025-04-15 16:37:42,728 - INFO - Игра 449: Победил O
2025-04-15 16:37:43,213 - INFO - Игра 450: Победил X
2025-04-15 16:37:43,542 - INFO - Игра 451: Победил O
2025-04-15 16:37:43,872 - INFO - Игра 452: Победил O
2025-04-15 16:37:44,201 - INFO - Игра 453: Победил O
2025-04-15 16:37:44,529 - INFO - Игра 454: Победил O
2025-04-15 16:37:44,856 - INFO - Игра 455: Победил O
2025-04-15 16:37:45,185 - INFO - Игра 456: Победил O
2025-04-15 16:37:45,669 - INFO - Игра 457: Ничья
2025-04-15 16:37:45,995 - INFO - Игра 458: Победил O
2025-04-15 16:37:46,322 - INFO - Игра 459: Победил O
2025-04-15 16:37:46,703 - INFO - Игра 460: Победил X
2025-04-15 16:37:47,033 - INFO - Игра 461: Победил O
2025-04-15 16:37:47,361 - INFO - Игра 462: Победил O
2025-04-15 16:37:47,689 - INFO - Игра 463: Победил O
2025-04-15 16:37:48,018 - INFO - Игра 464: Победил O
2025-04-15 16:37:48,345 - INFO - Игра 465: Победил O
2025-04-15 16:37:48,726 - INFO - Игра 466: Победил X
2025-04-15 16:37:49,053 - INFO - Игра 467: Победил O
2025-04-15 16:37:49,380 - INFO - Игра 468: Победил O
2025-04-15 16:37:49,709 - INFO - Игра 469: Победил O
2025-04-15 16:37:50,143 - INFO - Игра 470: Победил O
2025-04-15 16:37:50,524 - INFO - Игра 471: Победил X
2025-04-15 16:37:50,851 - INFO - Игра 472: Победил O
2025-04-15 16:37:51,232 - INFO - Игра 473: Победил X
2025-04-15 16:37:51,562 - INFO - Игра 474: Победил O
2025-04-15 16:37:51,893 - INFO - Игра 475: Победил O
2025-04-15 16:37:52,223 - INFO - Игра 476: Победил O
2025-04-15 16:37:52,552 - INFO - Игра 477: Победил O
2025-04-15 16:37:52,932 - INFO - Игра 478: Победил X
2025-04-15 16:37:53,259 - INFO - Игра 479: Победил O
2025-04-15 16:37:53,589 - INFO - Игра 480: Победил O
2025-04-15 16:37:53,916 - INFO - Игра 481: Победил O
2025-04-15 16:37:54,244 - INFO - Игра 482: Победил O
2025-04-15 16:37:54,571 - INFO - Игра 483: Победил O
2025-04-15 16:37:54,897 - INFO - Игра 484: Победил O
2025-04-15 16:37:55,226 - INFO - Игра 485: Победил O
2025-04-15 16:37:55,556 - INFO - Игра 486: Победил O
2025-04-15 16:37:55,887 - INFO - Игра 487: Победил O
2025-04-15 16:37:56,217 - INFO - Игра 488: Победил O
2025-04-15 16:37:56,547 - INFO - Игра 489: Победил O
2025-04-15 16:37:56,875 - INFO - Игра 490: Победил O
2025-04-15 16:37:57,360 - INFO - Игра 491: Победил X
2025-04-15 16:37:57,689 - INFO - Игра 492: Победил O
2025-04-15 16:37:58,019 - INFO - Игра 493: Победил O
2025-04-15 16:37:58,349 - INFO - Игра 494: Победил O
2025-04-15 16:37:58,679 - INFO - Игра 495: Победил O
2025-04-15 16:37:59,064 - INFO - Игра 496: Победил X
2025-04-15 16:37:59,394 - INFO - Игра 497: Победил O
2025-04-15 16:37:59,723 - INFO - Игра 498: Победил O
2025-04-15 16:38:00,161 - INFO - Игра 499: Победил O
2025-04-15 16:38:00,498 - INFO - Игра 500: Победил O
2025-04-15 16:38:01,144 - INFO - Игра 501: Победил O
2025-04-15 16:38:01,576 - INFO - Игра 502: Победил X
2025-04-15 16:38:02,026 - INFO - Игра 503: Победил O
2025-04-15 16:38:02,477 - INFO - Игра 504: Победил O
2025-04-15 16:38:02,851 - INFO - Игра 505: Победил O
2025-04-15 16:38:03,236 - INFO - Игра 506: Победил O
2025-04-15 16:38:03,623 - INFO - Игра 507: Победил O
2025-04-15 16:38:04,185 - INFO - Игра 508: Победил X
2025-04-15 16:38:04,635 - INFO - Игра 509: Победил X
2025-04-15 16:38:05,025 - INFO - Игра 510: Победил O
2025-04-15 16:38:05,448 - INFO - Игра 511: Победил X
2025-04-15 16:38:05,792 - INFO - Игра 512: Победил O
2025-04-15 16:38:06,132 - INFO - Игра 513: Победил O
2025-04-15 16:38:06,466 - INFO - Игра 514: Победил O
2025-04-15 16:38:06,799 - INFO - Игра 515: Победил O
2025-04-15 16:38:07,288 - INFO - Игра 516: Победил X
2025-04-15 16:38:07,622 - INFO - Игра 517: Победил O
2025-04-15 16:38:07,951 - INFO - Игра 518: Победил O
2025-04-15 16:38:08,336 - INFO - Игра 519: Победил X
2025-04-15 16:38:08,665 - INFO - Игра 520: Победил O
2025-04-15 16:38:09,055 - INFO - Игра 521: Победил X
2025-04-15 16:38:09,392 - INFO - Игра 522: Победил O
2025-04-15 16:38:09,782 - INFO - Игра 523: Победил X
2025-04-15 16:38:10,222 - INFO - Игра 524: Победил O
2025-04-15 16:38:10,714 - INFO - Игра 525: Победил X
2025-04-15 16:38:11,047 - INFO - Игра 526: Победил O
2025-04-15 16:38:11,378 - INFO - Игра 527: Победил O
2025-04-15 16:38:11,709 - INFO - Игра 528: Победил O
2025-04-15 16:38:12,201 - INFO - Игра 529: Победил X
2025-04-15 16:38:12,586 - INFO - Игра 530: Победил X
2025-04-15 16:38:12,916 - INFO - Игра 531: Победил O
2025-04-15 16:38:13,247 - INFO - Игра 532: Победил O
2025-04-15 16:38:13,578 - INFO - Игра 533: Победил O
2025-04-15 16:38:13,963 - INFO - Игра 534: Победил X
2025-04-15 16:38:14,452 - INFO - Игра 535: Победил X
2025-04-15 16:38:14,780 - INFO - Игра 536: Победил O
2025-04-15 16:38:15,108 - INFO - Игра 537: Победил O
2025-04-15 16:38:15,443 - INFO - Игра 538: Победил O
2025-04-15 16:38:15,774 - INFO - Игра 539: Победил O
2025-04-15 16:38:16,105 - INFO - Игра 540: Победил O
2025-04-15 16:38:16,434 - INFO - Игра 541: Победил O
2025-04-15 16:38:16,766 - INFO - Игра 542: Победил O
2025-04-15 16:38:17,096 - INFO - Игра 543: Победил O
2025-04-15 16:38:17,586 - INFO - Игра 544: Ничья
2025-04-15 16:38:17,914 - INFO - Игра 545: Победил O
2025-04-15 16:38:18,348 - INFO - Игра 546: Победил O
2025-04-15 16:38:18,674 - INFO - Игра 547: Победил O
2025-04-15 16:38:19,056 - INFO - Игра 548: Победил X
2025-04-15 16:38:19,387 - INFO - Игра 549: Победил O
2025-04-15 16:38:19,716 - INFO - Игра 550: Победил O
2025-04-15 16:38:20,050 - INFO - Игра 551: Победил O
2025-04-15 16:38:20,380 - INFO - Игра 552: Победил O
2025-04-15 16:38:20,763 - INFO - Игра 553: Победил X
2025-04-15 16:38:21,091 - INFO - Игра 554: Победил O
2025-04-15 16:38:21,417 - INFO - Игра 555: Победил O
2025-04-15 16:38:21,800 - INFO - Игра 556: Победил X
2025-04-15 16:38:22,129 - INFO - Игра 557: Победил O
2025-04-15 16:38:22,461 - INFO - Игра 558: Победил O
2025-04-15 16:38:22,790 - INFO - Игра 559: Победил O
2025-04-15 16:38:23,116 - INFO - Игра 560: Победил O
2025-04-15 16:38:23,555 - INFO - Игра 561: Победил O
2025-04-15 16:38:23,940 - INFO - Игра 562: Победил X
2025-04-15 16:38:24,217 - INFO - Игра 563: Победил X
2025-04-15 16:38:24,549 - INFO - Игра 564: Победил O
2025-04-15 16:38:24,880 - INFO - Игра 565: Победил O
2025-04-15 16:38:25,207 - INFO - Игра 566: Победил O
2025-04-15 16:39:33,540 - INFO - Начало процесса самообучения
2025-04-15 16:39:33,540 - INFO - Текущая статистика: {'total_games': 0, 'player_wins': 0, 'ai_wins': 0, 'draws': 0, 'win_rate': 0.0, 'learning_rate': 0.1}
2025-04-15 16:39:33,870 - INFO - Игра 0: Победил X
2025-04-15 16:39:34,360 - INFO - Игра 1: Победил X
2025-04-15 16:39:34,849 - INFO - Игра 2: Ничья
2025-04-15 16:39:35,286 - INFO - Игра 3: Победил O
2025-04-15 16:39:35,720 - INFO - Игра 4: Победил O
2025-04-15 16:39:35,996 - INFO - Игра 5: Победил X
2025-04-15 16:39:36,432 - INFO - Игра 6: Победил O
2025-04-15 16:39:36,920 - INFO - Игра 7: Ничья
2025-04-15 16:39:37,303 - INFO - Игра 8: Победил X
2025-04-15 16:39:37,737 - INFO - Игра 9: Победил O
2025-04-15 16:39:38,225 - INFO - Игра 10: Ничья
2025-04-15 16:39:38,662 - INFO - Игра 11: Победил O
2025-04-15 16:39:39,051 - INFO - Игра 12: Победил X
2025-04-15 16:39:39,388 - INFO - Игра 13: Победил O
2025-04-15 16:39:39,824 - INFO - Игра 14: Победил O
2025-04-15 16:39:40,154 - INFO - Игра 15: Победил O
2025-04-15 16:39:40,481 - INFO - Игра 16: Победил O
2025-04-15 16:39:40,755 - INFO - Игра 17: Победил X
2025-04-15 16:39:41,239 - INFO - Игра 18: Победил X
2025-04-15 16:39:41,620 - INFO - Игра 19: Победил X
2025-04-15 16:39:42,002 - INFO - Игра 20: Победил X
2025-04-15 16:39:42,384 - INFO - Игра 21: Победил X
2025-04-15 16:39:42,767 - INFO - Игра 22: Победил X
2025-04-15 16:39:43,254 - INFO - Игра 23: Победил X
2025-04-15 16:39:43,527 - INFO - Игра 24: Победил X
2025-04-15 16:39:44,015 - INFO - Игра 25: Победил X
2025-04-15 16:39:44,502 - INFO - Игра 26: Ничья
2025-04-15 16:39:44,881 - INFO - Игра 27: Победил X
2025-04-15 16:39:45,261 - INFO - Игра 28: Победил X
2025-04-15 16:39:45,749 - INFO - Игра 29: Победил X
2025-04-15 16:39:46,238 - INFO - Игра 30: Победил X
2025-04-15 16:39:46,727 - INFO - Игра 31: Победил X
2025-04-15 16:39:47,161 - INFO - Игра 32: Победил O
2025-04-15 16:39:47,648 - INFO - Игра 33: Победил X
2025-04-15 16:39:47,923 - INFO - Игра 34: Победил X
2025-04-15 16:39:48,303 - INFO - Игра 35: Победил X
2025-04-15 16:39:48,787 - INFO - Игра 36: Ничья
2025-04-15 16:39:49,274 - INFO - Игра 37: Победил X
2025-04-15 16:39:49,707 - INFO - Игра 38: Победил O
2025-04-15 16:39:50,196 - INFO - Игра 39: Победил X
2025-04-15 16:39:50,524 - INFO - Игра 40: Победил O
2025-04-15 16:39:51,009 - INFO - Игра 41: Победил X
2025-04-15 16:39:51,284 - INFO - Игра 42: Победил X
2025-04-15 16:39:51,559 - INFO - Игра 43: Победил X
2025-04-15 16:39:51,941 - INFO - Игра 44: Победил X
2025-04-15 16:39:52,322 - INFO - Игра 45: Победил X
2025-04-15 16:39:52,807 - INFO - Игра 46: Ничья
2025-04-15 16:39:53,293 - INFO - Игра 47: Ничья
2025-04-15 16:39:53,777 - INFO - Игра 48: Победил X
2025-04-15 16:39:54,050 - INFO - Игра 49: Победил X
2025-04-15 16:39:54,431 - INFO - Игра 50: Победил X
2025-04-15 16:39:54,865 - INFO - Игра 51: Победил O
2025-04-15 16:39:55,139 - INFO - Игра 52: Победил X
2025-04-15 16:39:55,521 - INFO - Игра 53: Победил X
2025-04-15 16:39:55,902 - INFO - Игра 54: Победил X
2025-04-15 16:39:56,282 - INFO - Игра 55: Победил X
2025-04-15 16:39:56,767 - INFO - Игра 56: Победил X
2025-04-15 16:39:57,252 - INFO - Игра 57: Ничья
2025-04-15 16:39:57,739 - INFO - Игра 58: Ничья
2025-04-15 16:39:58,226 - INFO - Игра 59: Ничья
2025-04-15 16:39:58,504 - INFO - Игра 60: Победил X
2025-04-15 16:39:58,782 - INFO - Игра 61: Победил X
2025-04-15 16:39:59,164 - INFO - Игра 62: Победил X
2025-04-15 16:39:59,547 - INFO - Игра 63: Победил X
2025-04-15 16:39:59,929 - INFO - Игра 64: Победил X
2025-04-15 16:40:00,310 - INFO - Игра 65: Победил X
2025-04-15 16:40:00,796 - INFO - Игра 66: Победил X
2025-04-15 16:40:01,122 - INFO - Игра 67: Победил O
2025-04-15 16:40:01,607 - INFO - Игра 68: Победил X
2025-04-15 16:40:01,990 - INFO - Игра 69: Победил X
2025-04-15 16:40:02,425 - INFO - Игра 70: Победил O
2025-04-15 16:40:02,860 - INFO - Игра 71: Победил O
